<?xml version="1.0" encoding="UTF-8"?>
<!-- Generated by org.testng.reporters.JUnitXMLReporter -->
<testsuite ignored="0" hostname="DESKTOP-1I2S84F" failures="1" tests="3" name="Test" time="303.146" errors="0" timestamp="2021-08-25T15:52:55 IST">
  <testcase classname="com.Lms_TestCases.TestCase1" name="testScoreCard" time="84.653"/>
  <testcase classname="com.Lms_TestCases.TestCase1" name="testCourse" time="81.156"/>
  <testcase classname="com.Lms_TestCases.TestCase1" name="testDailyQuiz" time="4.434">
    <failure type="java.lang.AssertionError" message="expected [Invalid login, please try again] but found [Invalid login, please try againv]">
      <![CDATA[java.lang.AssertionError: expected [Invalid login, please try again] but found [Invalid login, please try againv]
at com.Lms_TestCases.TestCase1.testDailyQuiz(TestCase1.java:331)
at java.base/java.util.ArrayList.forEach(ArrayList.java:1511)
... Removed 33 stack frames]]>
    </failure>
  </testcase> <!-- testDailyQuiz -->
</testsuite> <!-- Test -->
